\BOOKMARK [0][-]{chapter.1}{Introdu\347\343o - o que \351 programar?}{}% 1
\BOOKMARK [1][-]{section.1.1}{Programa\347\343o}{chapter.1}% 2
\BOOKMARK [1][-]{section.1.2}{Como Funciona o Processador de um Computador}{chapter.1}% 3
\BOOKMARK [1][-]{section.1.3}{Linguagens de Programa\347\343o}{chapter.1}% 4
\BOOKMARK [2][-]{subsection.1.3.1}{Compilar e Executar}{section.1.3}% 5
\BOOKMARK [1][-]{section.1.4}{L\363gica e Sintaxe}{chapter.1}% 6
\BOOKMARK [1][-]{section.1.5}{N\355vel de Detalhe}{chapter.1}% 7
\BOOKMARK [1][-]{section.1.6}{Conceitos B\341sicos de Um Programa}{chapter.1}% 8
\BOOKMARK [1][-]{section.1.7}{Exerc\355cios}{chapter.1}% 9
\BOOKMARK [2][-]{subsection.1.7.1}{Resolvidos}{section.1.7}% 10
\BOOKMARK [2][-]{subsection.1.7.2}{Para Resolver}{section.1.7}% 11
\BOOKMARK [2][-]{subsection.1.7.3}{Resolu\347\343o dos Exerc\355cios Resolvidos}{section.1.7}% 12
\BOOKMARK [0][-]{chapter.2}{Processing}{}% 13
\BOOKMARK [1][-]{section.2.1}{O Que \311?, Para Que Serve?}{chapter.2}% 14
\BOOKMARK [1][-]{section.2.2}{Ambiente de Desenvolvimento}{chapter.2}% 15
\BOOKMARK [2][-]{subsection.2.2.1}{Menus}{section.2.2}% 16
\BOOKMARK [1][-]{section.2.3}{Obter o Processing}{chapter.2}% 17
\BOOKMARK [1][-]{section.2.4}{Coordenadas}{chapter.2}% 18
\BOOKMARK [1][-]{section.2.5}{Compilar, Executar e Publicar}{chapter.2}% 19
\BOOKMARK [1][-]{section.2.6}{Alguns Exemplos}{chapter.2}% 20
\BOOKMARK [1][-]{section.2.7}{Modos de Programa\347\343o}{chapter.2}% 21
\BOOKMARK [2][-]{subsection.2.7.1}{Modo B\341sico}{section.2.7}% 22
\BOOKMARK [2][-]{subsection.2.7.2}{Modo Cont\355nuo}{section.2.7}% 23
\BOOKMARK [2][-]{subsection.2.7.3}{Java}{section.2.7}% 24
\BOOKMARK [1][-]{section.2.8}{Exerc\355cios}{chapter.2}% 25
\BOOKMARK [0][-]{chapter.3}{Vari\341veis}{}% 26
\BOOKMARK [1][-]{section.3.1}{Mem\363ria e Vari\341veis}{chapter.3}% 27
\BOOKMARK [1][-]{section.3.2}{Guerra dos Tipos \(Tipos de Dados\)}{chapter.3}% 28
\BOOKMARK [1][-]{section.3.3}{Declara\347\343o de Vari\341veis}{chapter.3}% 29
\BOOKMARK [1][-]{section.3.4}{Guardar na Gaveta \(Atribui\347\343o\)}{chapter.3}% 30
\BOOKMARK [2][-]{subsection.3.4.1}{Inicializa\347\343o}{section.3.4}% 31
\BOOKMARK [2][-]{subsection.3.4.2}{Combinar Declara\347\343o com Atribui\347\343o}{section.3.4}% 32
\BOOKMARK [1][-]{section.3.5}{Visibilidade}{chapter.3}% 33
\BOOKMARK [1][-]{section.3.6}{Instru\347\365es}{chapter.3}% 34
\BOOKMARK [2][-]{subsection.3.6.1}{Operadores Aritm\351ticos}{section.3.6}% 35
\BOOKMARK [2][-]{subsection.3.6.2}{Uma Opera\347\343o Complicada! \(Instru\347\365es Complexas\)}{section.3.6}% 36
\BOOKMARK [1][-]{section.3.7}{Exerc\355cios}{chapter.3}% 37
\BOOKMARK [0][-]{chapter.4}{Condi\347\365es}{}% 38
\BOOKMARK [1][-]{section.4.1}{Se Isto Ent\343o Aquilo \(if\)}{chapter.4}% 39
\BOOKMARK [1][-]{section.4.2}{Comutar \(switch\)}{chapter.4}% 40
\BOOKMARK [1][-]{section.4.3}{Opero...Se... \(Operadores Condicionais\)}{chapter.4}% 41
\BOOKMARK [2][-]{subsection.4.3.1}{L\363gicos}{section.4.3}% 42
\BOOKMARK [1][-]{section.4.4}{Um Exemplo Pr\341tico}{chapter.4}% 43
\BOOKMARK [1][-]{section.4.5}{Exerc\355cios}{chapter.4}% 44
\BOOKMARK [0][-]{chapter.5}{Itera\347\343o}{}% 45
\BOOKMARK [1][-]{section.5.1}{while}{chapter.5}% 46
\BOOKMARK [1][-]{section.5.2}{do}{chapter.5}% 47
\BOOKMARK [1][-]{section.5.3}{for}{chapter.5}% 48
\BOOKMARK [1][-]{section.5.4}{Tipos de vari\341veis complexos}{chapter.5}% 49
\BOOKMARK [2][-]{subsection.5.4.1}{Declarar e Inicializar Vectores}{section.5.4}% 50
\BOOKMARK [2][-]{subsection.5.4.2}{Percorrer Vectores}{section.5.4}% 51
\BOOKMARK [1][-]{section.5.5}{Enter The Matrix... \(Matrizes\)}{chapter.5}% 52
\BOOKMARK [2][-]{subsection.5.5.1}{Percorrer Matrizes}{section.5.5}% 53
\BOOKMARK [1][-]{section.5.6}{Dois Exemplos Pr\341ticos }{chapter.5}% 54
\BOOKMARK [2][-]{subsection.5.6.1}{Quadrados Saltitantes}{section.5.6}% 55
\BOOKMARK [2][-]{subsection.5.6.2}{Ru\355do}{section.5.6}% 56
\BOOKMARK [1][-]{section.5.7}{Exerc\355cios}{chapter.5}% 57
\BOOKMARK [0][-]{chapter.6}{Fun\347\343o da Forma \(M\351todos, Fun\347\365es\)}{}% 58
\BOOKMARK [1][-]{section.6.1}{Par\342metros}{chapter.6}% 59
\BOOKMARK [1][-]{section.6.2}{Valor de Retorno}{chapter.6}% 60
\BOOKMARK [1][-]{section.6.3}{\(Quase\) Tudo S\343o M\351todos}{chapter.6}% 61
\BOOKMARK [2][-]{subsection.6.3.1}{Call Me Back... \(Callbacks\)}{section.6.3}% 62
\BOOKMARK [1][-]{section.6.4}{M\351todos e Vari\341veis}{chapter.6}% 63
\BOOKMARK [1][-]{section.6.5}{Exerc\355cios}{chapter.6}% 64
\BOOKMARK [0][-]{chapter.7}{Coment\341rio Final \(Documenta\347\343o\)}{}% 65
\BOOKMARK [1][-]{section.7.1}{Coment\341rios}{chapter.7}% 66
\BOOKMARK [1][-]{section.7.2}{Exerc\355cios}{chapter.7}% 67
